\BOOKMARK [1][-]{section.1}{\376\377\000I\000n\000t\000r\000o\000d\000u\000c\000t\000i\000o\000n\000\040\000t\000o\000\040\000t\000h\000e\000\040\000D\000o\000m\000a\000i\000n}{}% 1
\BOOKMARK [2][-]{subsection.1.1}{\376\377\000D\000o\000m\000a\000i\000n\000\040\000O\000v\000e\000r\000v\000i\000e\000w}{section.1}% 2
\BOOKMARK [2][-]{subsection.1.2}{\376\377\000M\000o\000t\000i\000v\000a\000t\000i\000o\000n}{section.1}% 3
\BOOKMARK [2][-]{subsection.1.3}{\376\377\000T\000a\000r\000g\000e\000t\000\040\000A\000p\000p\000l\000i\000c\000a\000t\000i\000o\000n\000\040\000U\000s\000e\000\040\000C\000a\000s\000e\000s}{section.1}% 4
\BOOKMARK [1][-]{section.2}{\376\377\000D\000a\000t\000a\000s\000e\000t\000\040\000D\000e\000s\000c\000r\000i\000p\000t\000i\000o\000n}{}% 5
\BOOKMARK [2][-]{subsection.2.1}{\376\377\000D\000a\000t\000a\000\040\000S\000o\000u\000r\000c\000e}{section.2}% 6
\BOOKMARK [2][-]{subsection.2.2}{\376\377\000K\000e\000y\000\040\000D\000a\000t\000a\000\040\000F\000i\000e\000l\000d\000s}{section.2}% 7
\BOOKMARK [2][-]{subsection.2.3}{\376\377\000E\000v\000i\000d\000e\000n\000c\000e\000\040\000o\000f\000\040\000N\000o\000n\000-\000R\000D\000F\000\040\000S\000t\000a\000t\000u\000s}{section.2}% 8
\BOOKMARK [1][-]{section.3}{\376\377\000C\000o\000m\000p\000e\000t\000e\000n\000c\000y\000\040\000Q\000u\000e\000s\000t\000i\000o\000n\000s}{}% 9
\BOOKMARK [1][-]{section.4}{\376\377\000C\000o\000n\000c\000e\000p\000t\000u\000a\000l\000\040\000M\000o\000d\000e\000l}{}% 10
\BOOKMARK [2][-]{subsection.4.1}{\376\377\000C\000o\000n\000c\000e\000p\000t\000u\000a\000l\000\040\000M\000o\000d\000e\000l\000\040\000D\000i\000a\000g\000r\000a\000m}{section.4}% 11
\BOOKMARK [2][-]{subsection.4.2}{\376\377\000T\000-\000B\000o\000x\000\040\000S\000c\000h\000e\000m\000a}{section.4}% 12
\BOOKMARK [1][-]{section.5}{\376\377\000O\000n\000t\000o\000l\000o\000g\000y\000\040\000D\000e\000s\000i\000g\000n}{}% 13
\BOOKMARK [2][-]{subsection.5.1}{\376\377\000C\000l\000a\000s\000s\000e\000s\000\040\000\050\0002\0000\000+\000\040\000a\000s\000\040\000R\000e\000q\000u\000i\000r\000e\000d\000\051}{section.5}% 14
\BOOKMARK [2][-]{subsection.5.2}{\376\377\000E\000n\000u\000m\000e\000r\000a\000t\000i\000o\000n\000\040\000C\000l\000a\000s\000s}{section.5}% 15
\BOOKMARK [2][-]{subsection.5.3}{\376\377\000C\000a\000r\000d\000i\000n\000a\000l\000i\000t\000y\000\040\000R\000e\000s\000t\000r\000i\000c\000t\000i\000o\000n\000s}{section.5}% 16
\BOOKMARK [2][-]{subsection.5.4}{\376\377\000I\000n\000t\000e\000r\000s\000e\000c\000t\000i\000o\000n\000,\000\040\000U\000n\000i\000o\000n\000,\000\040\000a\000n\000d\000\040\000C\000o\000m\000p\000l\000e\000m\000e\000n\000t\000\040\000C\000l\000a\000s\000s\000e\000s}{section.5}% 17
\BOOKMARK [2][-]{subsection.5.5}{\376\377\000O\000b\000j\000e\000c\000t\000\040\000P\000r\000o\000p\000e\000r\000t\000i\000e\000s}{section.5}% 18
\BOOKMARK [2][-]{subsection.5.6}{\376\377\000D\000a\000t\000a\000\040\000P\000r\000o\000p\000e\000r\000t\000i\000e\000s}{section.5}% 19
\BOOKMARK [2][-]{subsection.5.7}{\376\377\000F\000u\000n\000c\000t\000i\000o\000n\000a\000l\000\040\000a\000n\000d\000\040\000I\000n\000v\000e\000r\000s\000e\000\040\000F\000u\000n\000c\000t\000i\000o\000n\000a\000l\000\040\000P\000r\000o\000p\000e\000r\000t\000i\000e\000s}{section.5}% 20
\BOOKMARK [1][-]{section.6}{\376\377\000G\000r\000a\000p\000h\000\040\000G\000e\000n\000e\000r\000a\000t\000i\000o\000n\000\040\000u\000s\000i\000n\000g\000\040\000P\000y\000t\000h\000o\000n}{}% 21
\BOOKMARK [2][-]{subsection.6.1}{\376\377\000T\000o\000o\000l\000s\000\040\000U\000s\000e\000d}{section.6}% 22
\BOOKMARK [2][-]{subsection.6.2}{\376\377\000P\000i\000p\000e\000l\000i\000n\000e\000\040\000S\000c\000r\000i\000p\000t\000s}{section.6}% 23
\BOOKMARK [2][-]{subsection.6.3}{\376\377\000S\000a\000m\000p\000l\000e\000\040\000C\000o\000d\000e\000:\000\040\000P\000o\000p\000u\000l\000a\000t\000i\000n\000g\000\040\000A\000u\000t\000h\000o\000r\000s}{section.6}% 24
\BOOKMARK [1][-]{section.7}{\376\377\000E\000x\000t\000e\000r\000n\000a\000l\000\040\000L\000i\000n\000k\000i\000n\000g\000\040\000\050\0005\000-\000S\000t\000a\000r\000\040\000L\000i\000n\000k\000e\000d\000\040\000D\000a\000t\000a\000\051}{}% 25
\BOOKMARK [2][-]{subsection.7.1}{\376\377\000L\000i\000n\000k\000i\000n\000g\000\040\000S\000t\000r\000a\000t\000e\000g\000y}{section.7}% 26
\BOOKMARK [2][-]{subsection.7.2}{\376\377\000L\000i\000n\000k\000i\000n\000g\000\040\000I\000m\000p\000l\000e\000m\000e\000n\000t\000a\000t\000i\000o\000n}{section.7}% 27
\BOOKMARK [1][-]{section.8}{\376\377\000R\000e\000a\000s\000o\000n\000i\000n\000g\000\040\000S\000c\000e\000n\000a\000r\000i\000o\000s}{}% 28
\BOOKMARK [2][-]{subsection.8.1}{\376\377\000R\000e\000a\000s\000o\000n\000i\000n\000g\000\040\000I\000m\000p\000l\000e\000m\000e\000n\000t\000a\000t\000i\000o\000n}{section.8}% 29
\BOOKMARK [2][-]{subsection.8.2}{\376\377\000R\000e\000a\000s\000o\000n\000i\000n\000g\000\040\000R\000e\000s\000u\000l\000t\000s}{section.8}% 30
\BOOKMARK [2][-]{subsection.8.3}{\376\377\000S\000W\000R\000L\000\040\000R\000u\000l\000e\000s\000\040\000\050\000B\000o\000n\000u\000s\000\051}{section.8}% 31
\BOOKMARK [1][-]{section.9}{\376\377\000H\000a\000n\000d\000-\000A\000n\000n\000o\000t\000a\000t\000e\000d\000\040\000I\000n\000d\000i\000v\000i\000d\000u\000a\000l\000s}{}% 32
\BOOKMARK [2][-]{subsection.9.1}{\376\377\000R\000e\000a\000s\000o\000n\000i\000n\000g\000\040\000V\000e\000r\000i\000f\000i\000c\000a\000t\000i\000o\000n}{section.9}% 33
\BOOKMARK [1][-]{section.10}{\376\377\000S\000P\000A\000R\000Q\000L\000\040\000Q\000u\000e\000r\000i\000e\000s}{}% 34
\BOOKMARK [2][-]{subsection.10.1}{\376\377\000Q\000u\000e\000r\000y\000\040\0001\000:\000\040\000A\000u\000t\000h\000o\000r\000s\000\040\000w\000i\000t\000h\000\040\000M\000u\000l\000t\000i\000p\000l\000e\000\040\000A\000f\000f\000i\000l\000i\000a\000t\000i\000o\000n\000s}{section.10}% 35
\BOOKMARK [2][-]{subsection.10.2}{\376\377\000Q\000u\000e\000r\000y\000\040\0002\000:\000\040\000A\000r\000t\000i\000c\000l\000e\000s\000\040\000M\000e\000n\000t\000i\000o\000n\000i\000n\000g\000\040\000G\000e\000n\000e\000s}{section.10}% 36
\BOOKMARK [2][-]{subsection.10.3}{\376\377\000Q\000u\000e\000r\000y\000\040\0003\000:\000\040\000A\000u\000t\000h\000o\000r\000\040\000C\000o\000l\000l\000a\000b\000o\000r\000a\000t\000i\000o\000n\000\040\000N\000e\000t\000w\000o\000r\000k}{section.10}% 37
\BOOKMARK [2][-]{subsection.10.4}{\376\377\000Q\000u\000e\000r\000y\000\040\0004\000:\000\040\000F\000e\000d\000e\000r\000a\000t\000e\000d\000\040\000Q\000u\000e\000r\000y\000\040\000t\000o\000\040\000D\000B\000p\000e\000d\000i\000a}{section.10}% 38
\BOOKMARK [1][-]{section.11}{\376\377\000W\000e\000b\000\040\000A\000p\000p\000l\000i\000c\000a\000t\000i\000o\000n\000\040\000\050\000B\000O\000N\000U\000S\000\051}{}% 39
\BOOKMARK [2][-]{subsection.11.1}{\376\377\000A\000p\000p\000l\000i\000c\000a\000t\000i\000o\000n\000\040\000O\000v\000e\000r\000v\000i\000e\000w}{section.11}% 40
\BOOKMARK [2][-]{subsection.11.2}{\376\377\000E\000n\000t\000i\000t\000y\000\040\000T\000y\000p\000e\000s\000\040\000S\000e\000a\000r\000c\000h\000a\000b\000l\000e}{section.11}% 41
\BOOKMARK [2][-]{subsection.11.3}{\376\377\000R\000u\000n\000n\000i\000n\000g\000\040\000t\000h\000e\000\040\000A\000p\000p\000l\000i\000c\000a\000t\000i\000o\000n}{section.11}% 42
\BOOKMARK [1][-]{section.12}{\376\377\000R\000e\000s\000u\000l\000t\000s\000\040\000a\000n\000d\000\040\000S\000t\000a\000t\000i\000s\000t\000i\000c\000s}{}% 43
\BOOKMARK [2][-]{subsection.12.1}{\376\377\000G\000e\000n\000e\000r\000a\000t\000e\000d\000\040\000D\000a\000t\000a}{section.12}% 44
\BOOKMARK [2][-]{subsection.12.2}{\376\377\000O\000W\000L\000\040\000F\000i\000l\000e\000s\000\040\000G\000e\000n\000e\000r\000a\000t\000e\000d}{section.12}% 45
\BOOKMARK [2][-]{subsection.12.3}{\376\377\000O\000n\000t\000o\000l\000o\000g\000y\000\040\000F\000i\000l\000e\000s\000\040\000S\000u\000m\000m\000a\000r\000y}{section.12}% 46
\BOOKMARK [1][-]{section.13}{\376\377\000V\000i\000s\000u\000a\000l\000i\000z\000a\000t\000i\000o\000n}{}% 47
<<<<<<< HEAD
\BOOKMARK [2][-]{subsection.13.1}{\376\377\000T\000o\000o\000l\000s\000\040\000U\000s\000e\000d}{section.13}% 48
\BOOKMARK [2][-]{subsection.13.2}{\376\377\000V\000i\000s\000u\000a\000l\000i\000z\000a\000t\000i\000o\000n\000\040\000G\000u\000i\000d\000e}{section.13}% 49
\BOOKMARK [2][-]{subsection.13.3}{\376\377\000G\000r\000a\000p\000h\000D\000B\000\040\000S\000e\000t\000u\000p\000\040\000a\000n\000d\000\040\000S\000P\000A\000R\000Q\000L\000\040\000Q\000u\000e\000r\000i\000e\000s}{section.13}% 50
\BOOKMARK [2][-]{subsection.13.4}{\376\377\000S\000a\000m\000p\000l\000e\000\040\000G\000r\000a\000p\000h\000D\000B\000\040\000Q\000u\000e\000r\000y\000\040\000S\000e\000s\000s\000i\000o\000n}{section.13}% 51
\BOOKMARK [1][-]{section.14}{\376\377\000R\000e\000f\000l\000e\000c\000t\000i\000o\000n}{}% 52
\BOOKMARK [2][-]{subsection.14.1}{\376\377\000L\000e\000a\000r\000n\000i\000n\000g\000\040\000O\000u\000t\000c\000o\000m\000e\000s}{section.14}% 53
\BOOKMARK [2][-]{subsection.14.2}{\376\377\000A\000d\000d\000e\000d\000\040\000V\000a\000l\000u\000e\000\040\000o\000f\000\040\000L\000i\000n\000k\000e\000d\000\040\000D\000a\000t\000a}{section.14}% 54
\BOOKMARK [2][-]{subsection.14.3}{\376\377\000C\000h\000a\000l\000l\000e\000n\000g\000e\000s\000\040\000F\000a\000c\000e\000d}{section.14}% 55
\BOOKMARK [1][-]{section.15}{\376\377\000C\000o\000n\000c\000l\000u\000s\000i\000o\000n}{}% 56
\BOOKMARK [1][-]{section.16}{\376\377\000R\000e\000f\000e\000r\000e\000n\000c\000e\000s}{}% 57
\BOOKMARK [1][-]{section.17}{\376\377\000A\000p\000p\000e\000n\000d\000i\000x\000:\000\040\000P\000r\000o\000j\000e\000c\000t\000\040\000R\000e\000p\000o\000s\000i\000t\000o\000r\000y}{}% 58
\BOOKMARK [2][-]{subsection.17.1}{\376\377\000R\000e\000p\000o\000s\000i\000t\000o\000r\000y\000\040\000S\000t\000r\000u\000c\000t\000u\000r\000e}{section.17}% 59
=======
\BOOKMARK [2][-]{subsection.13.1}{\376\377\000O\000n\000t\000o\000l\000o\000g\000y\000\040\000C\000l\000a\000s\000s\000\040\000H\000i\000e\000r\000a\000r\000c\000h\000y}{section.13}% 48
\BOOKMARK [2][-]{subsection.13.2}{\376\377\000K\000n\000o\000w\000l\000e\000d\000g\000e\000\040\000G\000r\000a\000p\000h\000\040\000S\000t\000a\000t\000i\000s\000t\000i\000c\000s}{section.13}% 49
\BOOKMARK [2][-]{subsection.13.3}{\376\377\000T\000o\000o\000l\000s\000\040\000U\000s\000e\000d}{section.13}% 50
\BOOKMARK [2][-]{subsection.13.4}{\376\377\000W\000e\000b\000\040\000A\000p\000p\000l\000i\000c\000a\000t\000i\000o\000n\000\040\000F\000e\000a\000t\000u\000r\000e\000s}{section.13}% 51
\BOOKMARK [2][-]{subsection.13.5}{\376\377\000L\000i\000v\000e\000\040\000G\000r\000a\000p\000h\000D\000B\000\040\000E\000n\000d\000p\000o\000i\000n\000t}{section.13}% 52
\BOOKMARK [1][-]{section.14}{\376\377\000R\000e\000f\000l\000e\000c\000t\000i\000o\000n}{}% 53
\BOOKMARK [2][-]{subsection.14.1}{\376\377\000L\000e\000a\000r\000n\000i\000n\000g\000\040\000O\000u\000t\000c\000o\000m\000e\000s}{section.14}% 54
\BOOKMARK [2][-]{subsection.14.2}{\376\377\000A\000d\000d\000e\000d\000\040\000V\000a\000l\000u\000e\000\040\000o\000f\000\040\000L\000i\000n\000k\000e\000d\000\040\000D\000a\000t\000a}{section.14}% 55
\BOOKMARK [2][-]{subsection.14.3}{\376\377\000C\000h\000a\000l\000l\000e\000n\000g\000e\000s\000\040\000F\000a\000c\000e\000d}{section.14}% 56
\BOOKMARK [1][-]{section.15}{\376\377\000C\000o\000n\000c\000l\000u\000s\000i\000o\000n}{}% 57
\BOOKMARK [1][-]{section.16}{\376\377\000R\000e\000f\000e\000r\000e\000n\000c\000e\000s}{}% 58
\BOOKMARK [1][-]{section.17}{\376\377\000A\000p\000p\000e\000n\000d\000i\000x\000:\000\040\000P\000r\000o\000j\000e\000c\000t\000\040\000R\000e\000p\000o\000s\000i\000t\000o\000r\000y}{}% 59
\BOOKMARK [2][-]{subsection.17.1}{\376\377\000R\000e\000p\000o\000s\000i\000t\000o\000r\000y\000\040\000S\000t\000r\000u\000c\000t\000u\000r\000e}{section.17}% 60
>>>>>>> 0d6e0e07856857f09ea4ffe17316370f7cad71ce
